The system is: CYGWIN - 2.3.1(0.291/5/3) - x86_64
Compiling the C compiler identification source file "CMakeCCompilerId.c" succeeded.
Compiler: /usr/bin/cc 
Build flags: 
Id flags: 

The output was:
0


Compilation of the C compiler identification source "CMakeCCompilerId.c" produced "a.exe"

The C compiler identification is GNU, found in "/home/Administrator/SHTTPD/build/CMakeFiles/3.3.2/CompilerIdC/a.exe"

Compiling the CXX compiler identification source file "CMakeCXXCompilerId.cpp" succeeded.
Compiler: /usr/bin/c++.exe 
Build flags: 
Id flags: 

The output was:
0


Compilation of the CXX compiler identification source "CMakeCXXCompilerId.cpp" produced "a.exe"

The CXX compiler identification is GNU, found in "/home/Administrator/SHTTPD/build/CMakeFiles/3.3.2/CompilerIdCXX/a.exe"

Determining if the C compiler works passed with the following output:
Change Dir: /home/Administrator/SHTTPD/build/CMakeFiles/CMakeTmp

Run Build Command:"/usr/bin/make.exe" "cmTC_9ad10/fast"
/usr/bin/make -f CMakeFiles/cmTC_9ad10.dir/build.make CMakeFiles/cmTC_9ad10.dir/build
make[1]: Entering directory '/home/Administrator/SHTTPD/build/CMakeFiles/CMakeTmp'
Building C object CMakeFiles/cmTC_9ad10.dir/testCCompiler.c.o
/usr/bin/cc    -o CMakeFiles/cmTC_9ad10.dir/testCCompiler.c.o   -c /home/Administrator/SHTTPD/build/CMakeFiles/CMakeTmp/testCCompiler.c
Linking C executable cmTC_9ad10.exe
/usr/bin/cmake.exe -E cmake_link_script CMakeFiles/cmTC_9ad10.dir/link.txt --verbose=1
/usr/bin/cc     -Wl,--enable-auto-import  CMakeFiles/cmTC_9ad10.dir/testCCompiler.c.o  -o cmTC_9ad10.exe -Wl,--out-implib,libcmTC_9ad10.dll.a -Wl,--major-image-version,0,--minor-image-version,0  
make[1]: Leaving directory '/home/Administrator/SHTTPD/build/CMakeFiles/CMakeTmp'


Detecting C compiler ABI info compiled with the following output:
Change Dir: /home/Administrator/SHTTPD/build/CMakeFiles/CMakeTmp

Run Build Command:"/usr/bin/make.exe" "cmTC_a824a/fast"
/usr/bin/make -f CMakeFiles/cmTC_a824a.dir/build.make CMakeFiles/cmTC_a824a.dir/build
make[1]: Entering directory '/home/Administrator/SHTTPD/build/CMakeFiles/CMakeTmp'
Building C object CMakeFiles/cmTC_a824a.dir/CMakeCCompilerABI.c.o
/usr/bin/cc    -o CMakeFiles/cmTC_a824a.dir/CMakeCCompilerABI.c.o   -c /usr/share/cmake-3.3.2/Modules/CMakeCCompilerABI.c
Linking C executable cmTC_a824a.exe
/usr/bin/cmake.exe -E cmake_link_script CMakeFiles/cmTC_a824a.dir/link.txt --verbose=1
/usr/bin/cc     -Wl,--enable-auto-import -v CMakeFiles/cmTC_a824a.dir/CMakeCCompilerABI.c.o  -o cmTC_a824a.exe -Wl,--out-implib,libcmTC_a824a.dll.a -Wl,--major-image-version,0,--minor-image-version,0   
使用内建 specs。
COLLECT_GCC=/usr/bin/cc
COLLECT_LTO_WRAPPER=/usr/lib/gcc/x86_64-pc-cygwin/4.9.3/lto-wrapper.exe
目标：x86_64-pc-cygwin
配置为：/cygdrive/i/szsz/tmpp/gcc/gcc-4.9.3-1.x86_64/src/gcc-4.9.3/configure --srcdir=/cygdrive/i/szsz/tmpp/gcc/gcc-4.9.3-1.x86_64/src/gcc-4.9.3 --prefix=/usr --exec-prefix=/usr --localstatedir=/var --sysconfdir=/etc --docdir=/usr/share/doc/gcc --htmldir=/usr/share/doc/gcc/html -C --build=x86_64-pc-cygwin --host=x86_64-pc-cygwin --target=x86_64-pc-cygwin --without-libiconv-prefix --without-libintl-prefix --libexecdir=/usr/lib --enable-shared --enable-shared-libgcc --enable-static --enable-version-specific-runtime-libs --enable-bootstrap --enable-__cxa_atexit --with-dwarf2 --with-tune=generic --enable-languages=ada,c,c++,fortran,lto,objc,obj-c++ --enable-graphite --enable-threads=posix --enable-libatomic --enable-libgomp --disable-libitm --enable-libquadmath --enable-libquadmath-support --enable-libssp --enable-libada --enable-libgcj-sublibs --disable-java-awt --disable-symvers --with-ecj-jar=/usr/share/java/ecj.jar --with-gnu-ld --with-gnu-as --with-cloog-include=/usr/include/cloog-isl --without-libiconv-prefix --without-libintl-prefix --with-system-zlib --enable-linker-build-id
线程模型：posix
gcc 版本 4.9.3 (GCC) 
COMPILER_PATH=/usr/lib/gcc/x86_64-pc-cygwin/4.9.3/:/usr/lib/gcc/x86_64-pc-cygwin/4.9.3/:/usr/lib/gcc/x86_64-pc-cygwin/:/usr/lib/gcc/x86_64-pc-cygwin/4.9.3/:/usr/lib/gcc/x86_64-pc-cygwin/:/usr/lib/gcc/x86_64-pc-cygwin/4.9.3/../../../../x86_64-pc-cygwin/bin/
LIBRARY_PATH=/usr/lib/gcc/x86_64-pc-cygwin/4.9.3/:/usr/lib/gcc/x86_64-pc-cygwin/4.9.3/../../../../x86_64-pc-cygwin/lib/../lib/:/usr/lib/gcc/x86_64-pc-cygwin/4.9.3/../../../../lib/:/lib/../lib/:/usr/lib/../lib/:/usr/lib/gcc/x86_64-pc-cygwin/4.9.3/../../../../x86_64-pc-cygwin/lib/:/usr/lib/gcc/x86_64-pc-cygwin/4.9.3/../../../:/lib/:/usr/lib/
COLLECT_GCC_OPTIONS='-v' '-o' 'cmTC_a824a.exe' '-mtune=generic' '-march=x86-64'
 /usr/lib/gcc/x86_64-pc-cygwin/4.9.3/collect2.exe -plugin /usr/lib/gcc/x86_64-pc-cygwin/4.9.3/cyglto_plugin.dll -plugin-opt=/usr/lib/gcc/x86_64-pc-cygwin/4.9.3/lto-wrapper.exe -plugin-opt=-fresolution=/tmp/cc2W9VKB.res -plugin-opt=-pass-through=-lgcc_s -plugin-opt=-pass-through=-lgcc -plugin-opt=-pass-through=-lcygwin -plugin-opt=-pass-through=-ladvapi32 -plugin-opt=-pass-through=-lshell32 -plugin-opt=-pass-through=-luser32 -plugin-opt=-pass-through=-lkernel32 -plugin-opt=-pass-through=-lgcc_s -plugin-opt=-pass-through=-lgcc --build-id -m i386pep --wrap _Znwm --wrap _Znam --wrap _ZdlPv --wrap _ZdaPv --wrap _ZnwmRKSt9nothrow_t --wrap _ZnamRKSt9nothrow_t --wrap _ZdlPvRKSt9nothrow_t --wrap _ZdaPvRKSt9nothrow_t -Bdynamic --dll-search-prefix=cyg -tsaware -o cmTC_a824a.exe /usr/lib/gcc/x86_64-pc-cygwin/4.9.3/../../../../lib/crt0.o /usr/lib/gcc/x86_64-pc-cygwin/4.9.3/crtbegin.o -L/usr/lib/gcc/x86_64-pc-cygwin/4.9.3 -L/usr/lib/gcc/x86_64-pc-cygwin/4.9.3/../../../../x86_64-pc-cygwin/lib/../lib -L/usr/lib/gcc/x86_64-pc-cygwin/4.9.3/../../../../lib -L/lib/../lib -L/usr/lib/../lib -L/usr/lib/gcc/x86_64-pc-cygwin/4.9.3/../../../../x86_64-pc-cygwin/lib -L/usr/lib/gcc/x86_64-pc-cygwin/4.9.3/../../.. --enable-auto-import CMakeFiles/cmTC_a824a.dir/CMakeCCompilerABI.c.o --out-implib libcmTC_a824a.dll.a --major-image-version 0 --minor-image-version 0 -lgcc_s -lgcc -lcygwin -ladvapi32 -lshell32 -luser32 -lkernel32 -lgcc_s -lgcc /usr/lib/gcc/x86_64-pc-cygwin/4.9.3/../../../../lib/default-manifest.o /usr/lib/gcc/x86_64-pc-cygwin/4.9.3/crtend.o
make[1]: Leaving directory '/home/Administrator/SHTTPD/build/CMakeFiles/CMakeTmp'


Parsed C implicit link information from above output:
  link line regex: [^( *|.*[/\])(ld\.exe|([^/\]+-)?ld|collect2)[^/\]*( |$)]
  ignore line: [Change Dir: /home/Administrator/SHTTPD/build/CMakeFiles/CMakeTmp]
  ignore line: []
  ignore line: [Run Build Command:"/usr/bin/make.exe" "cmTC_a824a/fast"]
  ignore line: [/usr/bin/make -f CMakeFiles/cmTC_a824a.dir/build.make CMakeFiles/cmTC_a824a.dir/build]
  ignore line: [make[1]: Entering directory '/home/Administrator/SHTTPD/build/CMakeFiles/CMakeTmp']
  ignore line: [Building C object CMakeFiles/cmTC_a824a.dir/CMakeCCompilerABI.c.o]
  ignore line: [/usr/bin/cc    -o CMakeFiles/cmTC_a824a.dir/CMakeCCompilerABI.c.o   -c /usr/share/cmake-3.3.2/Modules/CMakeCCompilerABI.c]
  ignore line: [Linking C executable cmTC_a824a.exe]
  ignore line: [/usr/bin/cmake.exe -E cmake_link_script CMakeFiles/cmTC_a824a.dir/link.txt --verbose=1]
  ignore line: [/usr/bin/cc     -Wl,--enable-auto-import -v CMakeFiles/cmTC_a824a.dir/CMakeCCompilerABI.c.o  -o cmTC_a824a.exe -Wl,--out-implib,libcmTC_a824a.dll.a -Wl,--major-image-version,0,--minor-image-version,0   ]
  ignore line: [使用内建 specs。]
  ignore line: [COLLECT_GCC=/usr/bin/cc]
  ignore line: [COLLECT_LTO_WRAPPER=/usr/lib/gcc/x86_64-pc-cygwin/4.9.3/lto-wrapper.exe]
  ignore line: [目标：x86_64-pc-cygwin]
  ignore line: [配置为：/cygdrive/i/szsz/tmpp/gcc/gcc-4.9.3-1.x86_64/src/gcc-4.9.3/configure --srcdir=/cygdrive/i/szsz/tmpp/gcc/gcc-4.9.3-1.x86_64/src/gcc-4.9.3 --prefix=/usr --exec-prefix=/usr --localstatedir=/var --sysconfdir=/etc --docdir=/usr/share/doc/gcc --htmldir=/usr/share/doc/gcc/html -C --build=x86_64-pc-cygwin --host=x86_64-pc-cygwin --target=x86_64-pc-cygwin --without-libiconv-prefix --without-libintl-prefix --libexecdir=/usr/lib --enable-shared --enable-shared-libgcc --enable-static --enable-version-specific-runtime-libs --enable-bootstrap --enable-__cxa_atexit --with-dwarf2 --with-tune=generic --enable-languages=ada,c,c++,fortran,lto,objc,obj-c++ --enable-graphite --enable-threads=posix --enable-libatomic --enable-libgomp --disable-libitm --enable-libquadmath --enable-libquadmath-support --enable-libssp --enable-libada --enable-libgcj-sublibs --disable-java-awt --disable-symvers --with-ecj-jar=/usr/share/java/ecj.jar --with-gnu-ld --with-gnu-as --with-cloog-include=/usr/include/cloog-isl --without-libiconv-prefix --without-libintl-prefix --with-system-zlib --enable-linker-build-id]
  ignore line: [线程模型：posix]
  ignore line: [gcc 版本 4.9.3 (GCC) ]
  ignore line: [COMPILER_PATH=/usr/lib/gcc/x86_64-pc-cygwin/4.9.3/:/usr/lib/gcc/x86_64-pc-cygwin/4.9.3/:/usr/lib/gcc/x86_64-pc-cygwin/:/usr/lib/gcc/x86_64-pc-cygwin/4.9.3/:/usr/lib/gcc/x86_64-pc-cygwin/:/usr/lib/gcc/x86_64-pc-cygwin/4.9.3/../../../../x86_64-pc-cygwin/bin/]
  ignore line: [LIBRARY_PATH=/usr/lib/gcc/x86_64-pc-cygwin/4.9.3/:/usr/lib/gcc/x86_64-pc-cygwin/4.9.3/../../../../x86_64-pc-cygwin/lib/../lib/:/usr/lib/gcc/x86_64-pc-cygwin/4.9.3/../../../../lib/:/lib/../lib/:/usr/lib/../lib/:/usr/lib/gcc/x86_64-pc-cygwin/4.9.3/../../../../x86_64-pc-cygwin/lib/:/usr/lib/gcc/x86_64-pc-cygwin/4.9.3/../../../:/lib/:/usr/lib/]
  ignore line: [COLLECT_GCC_OPTIONS='-v' '-o' 'cmTC_a824a.exe' '-mtune=generic' '-march=x86-64']
  link line: [ /usr/lib/gcc/x86_64-pc-cygwin/4.9.3/collect2.exe -plugin /usr/lib/gcc/x86_64-pc-cygwin/4.9.3/cyglto_plugin.dll -plugin-opt=/usr/lib/gcc/x86_64-pc-cygwin/4.9.3/lto-wrapper.exe -plugin-opt=-fresolution=/tmp/cc2W9VKB.res -plugin-opt=-pass-through=-lgcc_s -plugin-opt=-pass-through=-lgcc -plugin-opt=-pass-through=-lcygwin -plugin-opt=-pass-through=-ladvapi32 -plugin-opt=-pass-through=-lshell32 -plugin-opt=-pass-through=-luser32 -plugin-opt=-pass-through=-lkernel32 -plugin-opt=-pass-through=-lgcc_s -plugin-opt=-pass-through=-lgcc --build-id -m i386pep --wrap _Znwm --wrap _Znam --wrap _ZdlPv --wrap _ZdaPv --wrap _ZnwmRKSt9nothrow_t --wrap _ZnamRKSt9nothrow_t --wrap _ZdlPvRKSt9nothrow_t --wrap _ZdaPvRKSt9nothrow_t -Bdynamic --dll-search-prefix=cyg -tsaware -o cmTC_a824a.exe /usr/lib/gcc/x86_64-pc-cygwin/4.9.3/../../../../lib/crt0.o /usr/lib/gcc/x86_64-pc-cygwin/4.9.3/crtbegin.o -L/usr/lib/gcc/x86_64-pc-cygwin/4.9.3 -L/usr/lib/gcc/x86_64-pc-cygwin/4.9.3/../../../../x86_64-pc-cygwin/lib/../lib -L/usr/lib/gcc/x86_64-pc-cygwin/4.9.3/../../../../lib -L/lib/../lib -L/usr/lib/../lib -L/usr/lib/gcc/x86_64-pc-cygwin/4.9.3/../../../../x86_64-pc-cygwin/lib -L/usr/lib/gcc/x86_64-pc-cygwin/4.9.3/../../.. --enable-auto-import CMakeFiles/cmTC_a824a.dir/CMakeCCompilerABI.c.o --out-implib libcmTC_a824a.dll.a --major-image-version 0 --minor-image-version 0 -lgcc_s -lgcc -lcygwin -ladvapi32 -lshell32 -luser32 -lkernel32 -lgcc_s -lgcc /usr/lib/gcc/x86_64-pc-cygwin/4.9.3/../../../../lib/default-manifest.o /usr/lib/gcc/x86_64-pc-cygwin/4.9.3/crtend.o]
    arg [/usr/lib/gcc/x86_64-pc-cygwin/4.9.3/collect2.exe] ==> ignore
    arg [-plugin] ==> ignore
    arg [/usr/lib/gcc/x86_64-pc-cygwin/4.9.3/cyglto_plugin.dll] ==> ignore
    arg [-plugin-opt=/usr/lib/gcc/x86_64-pc-cygwin/4.9.3/lto-wrapper.exe] ==> ignore
    arg [-plugin-opt=-fresolution=/tmp/cc2W9VKB.res] ==> ignore
    arg [-plugin-opt=-pass-through=-lgcc_s] ==> ignore
    arg [-plugin-opt=-pass-through=-lgcc] ==> ignore
    arg [-plugin-opt=-pass-through=-lcygwin] ==> ignore
    arg [-plugin-opt=-pass-through=-ladvapi32] ==> ignore
    arg [-plugin-opt=-pass-through=-lshell32] ==> ignore
    arg [-plugin-opt=-pass-through=-luser32] ==> ignore
    arg [-plugin-opt=-pass-through=-lkernel32] ==> ignore
    arg [-plugin-opt=-pass-through=-lgcc_s] ==> ignore
    arg [-plugin-opt=-pass-through=-lgcc] ==> ignore
    arg [--build-id] ==> ignore
    arg [-m] ==> ignore
    arg [i386pep] ==> ignore
    arg [--wrap] ==> ignore
    arg [_Znwm] ==> ignore
    arg [--wrap] ==> ignore
    arg [_Znam] ==> ignore
    arg [--wrap] ==> ignore
    arg [_ZdlPv] ==> ignore
    arg [--wrap] ==> ignore
    arg [_ZdaPv] ==> ignore
    arg [--wrap] ==> ignore
    arg [_ZnwmRKSt9nothrow_t] ==> ignore
    arg [--wrap] ==> ignore
    arg [_ZnamRKSt9nothrow_t] ==> ignore
    arg [--wrap] ==> ignore
    arg [_ZdlPvRKSt9nothrow_t] ==> ignore
    arg [--wrap] ==> ignore
    arg [_ZdaPvRKSt9nothrow_t] ==> ignore
    arg [-Bdynamic] ==> ignore
    arg [--dll-search-prefix=cyg] ==> ignore
    arg [-tsaware] ==> ignore
    arg [-o] ==> ignore
    arg [cmTC_a824a.exe] ==> ignore
    arg [/usr/lib/gcc/x86_64-pc-cygwin/4.9.3/../../../../lib/crt0.o] ==> ignore
    arg [/usr/lib/gcc/x86_64-pc-cygwin/4.9.3/crtbegin.o] ==> ignore
    arg [-L/usr/lib/gcc/x86_64-pc-cygwin/4.9.3] ==> dir [/usr/lib/gcc/x86_64-pc-cygwin/4.9.3]
    arg [-L/usr/lib/gcc/x86_64-pc-cygwin/4.9.3/../../../../x86_64-pc-cygwin/lib/../lib] ==> dir [/usr/lib/gcc/x86_64-pc-cygwin/4.9.3/../../../../x86_64-pc-cygwin/lib/../lib]
    arg [-L/usr/lib/gcc/x86_64-pc-cygwin/4.9.3/../../../../lib] ==> dir [/usr/lib/gcc/x86_64-pc-cygwin/4.9.3/../../../../lib]
    arg [-L/lib/../lib] ==> dir [/lib/../lib]
    arg [-L/usr/lib/../lib] ==> dir [/usr/lib/../lib]
    arg [-L/usr/lib/gcc/x86_64-pc-cygwin/4.9.3/../../../../x86_64-pc-cygwin/lib] ==> dir [/usr/lib/gcc/x86_64-pc-cygwin/4.9.3/../../../../x86_64-pc-cygwin/lib]
    arg [-L/usr/lib/gcc/x86_64-pc-cygwin/4.9.3/../../..] ==> dir [/usr/lib/gcc/x86_64-pc-cygwin/4.9.3/../../..]
    arg [--enable-auto-import] ==> ignore
    arg [CMakeFiles/cmTC_a824a.dir/CMakeCCompilerABI.c.o] ==> ignore
    arg [--out-implib] ==> ignore
    arg [libcmTC_a824a.dll.a] ==> ignore
    arg [--major-image-version] ==> ignore
    arg [0] ==> ignore
    arg [--minor-image-version] ==> ignore
    arg [0] ==> ignore
    arg [-lgcc_s] ==> lib [gcc_s]
    arg [-lgcc] ==> lib [gcc]
    arg [-lcygwin] ==> lib [cygwin]
    arg [-ladvapi32] ==> lib [advapi32]
    arg [-lshell32] ==> lib [shell32]
    arg [-luser32] ==> lib [user32]
    arg [-lkernel32] ==> lib [kernel32]
    arg [-lgcc_s] ==> lib [gcc_s]
    arg [-lgcc] ==> lib [gcc]
    arg [/usr/lib/gcc/x86_64-pc-cygwin/4.9.3/../../../../lib/default-manifest.o] ==> ignore
    arg [/usr/lib/gcc/x86_64-pc-cygwin/4.9.3/crtend.o] ==> ignore
  remove lib [gcc_s]
  remove lib [gcc]
  remove lib [gcc_s]
  remove lib [gcc]
  collapse library dir [/usr/lib/gcc/x86_64-pc-cygwin/4.9.3] ==> [/usr/lib/gcc/x86_64-pc-cygwin/4.9.3]
  collapse library dir [/usr/lib/gcc/x86_64-pc-cygwin/4.9.3/../../../../x86_64-pc-cygwin/lib/../lib] ==> [/usr/x86_64-pc-cygwin/lib]
  collapse library dir [/usr/lib/gcc/x86_64-pc-cygwin/4.9.3/../../../../lib] ==> [/usr/lib]
  collapse library dir [/lib/../lib] ==> [/lib]
  collapse library dir [/usr/lib/../lib] ==> [/usr/lib]
  collapse library dir [/usr/lib/gcc/x86_64-pc-cygwin/4.9.3/../../../../x86_64-pc-cygwin/lib] ==> [/usr/x86_64-pc-cygwin/lib]
  collapse library dir [/usr/lib/gcc/x86_64-pc-cygwin/4.9.3/../../..] ==> [/usr/lib]
  implicit libs: [cygwin;advapi32;shell32;user32;kernel32]
  implicit dirs: [/usr/lib/gcc/x86_64-pc-cygwin/4.9.3;/usr/x86_64-pc-cygwin/lib;/usr/lib;/lib]
  implicit fwks: []




Detecting C [-std=c11] compiler features compiled with the following output:
Change Dir: /home/Administrator/SHTTPD/build/CMakeFiles/CMakeTmp

Run Build Command:"/usr/bin/make.exe" "cmTC_df136/fast"
/usr/bin/make -f CMakeFiles/cmTC_df136.dir/build.make CMakeFiles/cmTC_df136.dir/build
make[1]: Entering directory '/home/Administrator/SHTTPD/build/CMakeFiles/CMakeTmp'
Building C object CMakeFiles/cmTC_df136.dir/feature_tests.c.o
/usr/bin/cc   -std=c11 -o CMakeFiles/cmTC_df136.dir/feature_tests.c.o   -c /home/Administrator/SHTTPD/build/CMakeFiles/feature_tests.c
Linking C executable cmTC_df136.exe
/usr/bin/cmake.exe -E cmake_link_script CMakeFiles/cmTC_df136.dir/link.txt --verbose=1
/usr/bin/cc     -Wl,--enable-auto-import  CMakeFiles/cmTC_df136.dir/feature_tests.c.o  -o cmTC_df136.exe -Wl,--out-implib,libcmTC_df136.dll.a -Wl,--major-image-version,0,--minor-image-version,0  
make[1]: Leaving directory '/home/Administrator/SHTTPD/build/CMakeFiles/CMakeTmp'


    Feature record: C_FEATURE:1c_function_prototypes
    Feature record: C_FEATURE:1c_restrict
    Feature record: C_FEATURE:1c_static_assert
    Feature record: C_FEATURE:1c_variadic_macros


Detecting C [-std=c99] compiler features compiled with the following output:
Change Dir: /home/Administrator/SHTTPD/build/CMakeFiles/CMakeTmp

Run Build Command:"/usr/bin/make.exe" "cmTC_8e95c/fast"
/usr/bin/make -f CMakeFiles/cmTC_8e95c.dir/build.make CMakeFiles/cmTC_8e95c.dir/build
make[1]: Entering directory '/home/Administrator/SHTTPD/build/CMakeFiles/CMakeTmp'
Building C object CMakeFiles/cmTC_8e95c.dir/feature_tests.c.o
/usr/bin/cc   -std=c99 -o CMakeFiles/cmTC_8e95c.dir/feature_tests.c.o   -c /home/Administrator/SHTTPD/build/CMakeFiles/feature_tests.c
Linking C executable cmTC_8e95c.exe
/usr/bin/cmake.exe -E cmake_link_script CMakeFiles/cmTC_8e95c.dir/link.txt --verbose=1
/usr/bin/cc     -Wl,--enable-auto-import  CMakeFiles/cmTC_8e95c.dir/feature_tests.c.o  -o cmTC_8e95c.exe -Wl,--out-implib,libcmTC_8e95c.dll.a -Wl,--major-image-version,0,--minor-image-version,0  
make[1]: Leaving directory '/home/Administrator/SHTTPD/build/CMakeFiles/CMakeTmp'


    Feature record: C_FEATURE:1c_function_prototypes
    Feature record: C_FEATURE:1c_restrict
    Feature record: C_FEATURE:0c_static_assert
    Feature record: C_FEATURE:1c_variadic_macros


Detecting C [-std=c90] compiler features compiled with the following output:
Change Dir: /home/Administrator/SHTTPD/build/CMakeFiles/CMakeTmp

Run Build Command:"/usr/bin/make.exe" "cmTC_a0f67/fast"
/usr/bin/make -f CMakeFiles/cmTC_a0f67.dir/build.make CMakeFiles/cmTC_a0f67.dir/build
make[1]: Entering directory '/home/Administrator/SHTTPD/build/CMakeFiles/CMakeTmp'
Building C object CMakeFiles/cmTC_a0f67.dir/feature_tests.c.o
/usr/bin/cc   -std=c90 -o CMakeFiles/cmTC_a0f67.dir/feature_tests.c.o   -c /home/Administrator/SHTTPD/build/CMakeFiles/feature_tests.c
Linking C executable cmTC_a0f67.exe
/usr/bin/cmake.exe -E cmake_link_script CMakeFiles/cmTC_a0f67.dir/link.txt --verbose=1
/usr/bin/cc     -Wl,--enable-auto-import  CMakeFiles/cmTC_a0f67.dir/feature_tests.c.o  -o cmTC_a0f67.exe -Wl,--out-implib,libcmTC_a0f67.dll.a -Wl,--major-image-version,0,--minor-image-version,0  
make[1]: Leaving directory '/home/Administrator/SHTTPD/build/CMakeFiles/CMakeTmp'


    Feature record: C_FEATURE:1c_function_prototypes
    Feature record: C_FEATURE:0c_restrict
    Feature record: C_FEATURE:0c_static_assert
    Feature record: C_FEATURE:0c_variadic_macros
Determining if the CXX compiler works passed with the following output:
Change Dir: /home/Administrator/SHTTPD/build/CMakeFiles/CMakeTmp

Run Build Command:"/usr/bin/make.exe" "cmTC_34edd/fast"
/usr/bin/make -f CMakeFiles/cmTC_34edd.dir/build.make CMakeFiles/cmTC_34edd.dir/build
make[1]: Entering directory '/home/Administrator/SHTTPD/build/CMakeFiles/CMakeTmp'
Building CXX object CMakeFiles/cmTC_34edd.dir/testCXXCompiler.cxx.o
/usr/bin/c++.exe     -o CMakeFiles/cmTC_34edd.dir/testCXXCompiler.cxx.o -c /home/Administrator/SHTTPD/build/CMakeFiles/CMakeTmp/testCXXCompiler.cxx
Linking CXX executable cmTC_34edd.exe
/usr/bin/cmake.exe -E cmake_link_script CMakeFiles/cmTC_34edd.dir/link.txt --verbose=1
/usr/bin/c++.exe     -Wl,--enable-auto-import  CMakeFiles/cmTC_34edd.dir/testCXXCompiler.cxx.o  -o cmTC_34edd.exe -Wl,--out-implib,libcmTC_34edd.dll.a -Wl,--major-image-version,0,--minor-image-version,0  
make[1]: Leaving directory '/home/Administrator/SHTTPD/build/CMakeFiles/CMakeTmp'


Detecting CXX compiler ABI info compiled with the following output:
Change Dir: /home/Administrator/SHTTPD/build/CMakeFiles/CMakeTmp

Run Build Command:"/usr/bin/make.exe" "cmTC_e714a/fast"
/usr/bin/make -f CMakeFiles/cmTC_e714a.dir/build.make CMakeFiles/cmTC_e714a.dir/build
make[1]: Entering directory '/home/Administrator/SHTTPD/build/CMakeFiles/CMakeTmp'
Building CXX object CMakeFiles/cmTC_e714a.dir/CMakeCXXCompilerABI.cpp.o
/usr/bin/c++.exe     -o CMakeFiles/cmTC_e714a.dir/CMakeCXXCompilerABI.cpp.o -c /usr/share/cmake-3.3.2/Modules/CMakeCXXCompilerABI.cpp
Linking CXX executable cmTC_e714a.exe
/usr/bin/cmake.exe -E cmake_link_script CMakeFiles/cmTC_e714a.dir/link.txt --verbose=1
/usr/bin/c++.exe     -Wl,--enable-auto-import -v CMakeFiles/cmTC_e714a.dir/CMakeCXXCompilerABI.cpp.o  -o cmTC_e714a.exe -Wl,--out-implib,libcmTC_e714a.dll.a -Wl,--major-image-version,0,--minor-image-version,0   
使用内建 specs。
COLLECT_GCC=/usr/bin/c++
COLLECT_LTO_WRAPPER=/usr/lib/gcc/x86_64-pc-cygwin/4.9.3/lto-wrapper.exe
目标：x86_64-pc-cygwin
配置为：/cygdrive/i/szsz/tmpp/gcc/gcc-4.9.3-1.x86_64/src/gcc-4.9.3/configure --srcdir=/cygdrive/i/szsz/tmpp/gcc/gcc-4.9.3-1.x86_64/src/gcc-4.9.3 --prefix=/usr --exec-prefix=/usr --localstatedir=/var --sysconfdir=/etc --docdir=/usr/share/doc/gcc --htmldir=/usr/share/doc/gcc/html -C --build=x86_64-pc-cygwin --host=x86_64-pc-cygwin --target=x86_64-pc-cygwin --without-libiconv-prefix --without-libintl-prefix --libexecdir=/usr/lib --enable-shared --enable-shared-libgcc --enable-static --enable-version-specific-runtime-libs --enable-bootstrap --enable-__cxa_atexit --with-dwarf2 --with-tune=generic --enable-languages=ada,c,c++,fortran,lto,objc,obj-c++ --enable-graphite --enable-threads=posix --enable-libatomic --enable-libgomp --disable-libitm --enable-libquadmath --enable-libquadmath-support --enable-libssp --enable-libada --enable-libgcj-sublibs --disable-java-awt --disable-symvers --with-ecj-jar=/usr/share/java/ecj.jar --with-gnu-ld --with-gnu-as --with-cloog-include=/usr/include/cloog-isl --without-libiconv-prefix --without-libintl-prefix --with-system-zlib --enable-linker-build-id
线程模型：posix
gcc 版本 4.9.3 (GCC) 
COMPILER_PATH=/usr/lib/gcc/x86_64-pc-cygwin/4.9.3/:/usr/lib/gcc/x86_64-pc-cygwin/4.9.3/:/usr/lib/gcc/x86_64-pc-cygwin/:/usr/lib/gcc/x86_64-pc-cygwin/4.9.3/:/usr/lib/gcc/x86_64-pc-cygwin/:/usr/lib/gcc/x86_64-pc-cygwin/4.9.3/../../../../x86_64-pc-cygwin/bin/
LIBRARY_PATH=/usr/lib/gcc/x86_64-pc-cygwin/4.9.3/:/usr/lib/gcc/x86_64-pc-cygwin/4.9.3/../../../../x86_64-pc-cygwin/lib/../lib/:/usr/lib/gcc/x86_64-pc-cygwin/4.9.3/../../../../lib/:/lib/../lib/:/usr/lib/../lib/:/usr/lib/gcc/x86_64-pc-cygwin/4.9.3/../../../../x86_64-pc-cygwin/lib/:/usr/lib/gcc/x86_64-pc-cygwin/4.9.3/../../../:/lib/:/usr/lib/
COLLECT_GCC_OPTIONS='-v' '-o' 'cmTC_e714a.exe' '-shared-libgcc' '-mtune=generic' '-march=x86-64'
 /usr/lib/gcc/x86_64-pc-cygwin/4.9.3/collect2.exe -plugin /usr/lib/gcc/x86_64-pc-cygwin/4.9.3/cyglto_plugin.dll -plugin-opt=/usr/lib/gcc/x86_64-pc-cygwin/4.9.3/lto-wrapper.exe -plugin-opt=-fresolution=/tmp/ccMuIjnH.res -plugin-opt=-pass-through=-lgcc_s -plugin-opt=-pass-through=-lgcc -plugin-opt=-pass-through=-lcygwin -plugin-opt=-pass-through=-ladvapi32 -plugin-opt=-pass-through=-lshell32 -plugin-opt=-pass-through=-luser32 -plugin-opt=-pass-through=-lkernel32 -plugin-opt=-pass-through=-lgcc_s -plugin-opt=-pass-through=-lgcc --build-id -m i386pep --wrap _Znwm --wrap _Znam --wrap _ZdlPv --wrap _ZdaPv --wrap _ZnwmRKSt9nothrow_t --wrap _ZnamRKSt9nothrow_t --wrap _ZdlPvRKSt9nothrow_t --wrap _ZdaPvRKSt9nothrow_t -Bdynamic --dll-search-prefix=cyg -tsaware -o cmTC_e714a.exe /usr/lib/gcc/x86_64-pc-cygwin/4.9.3/../../../../lib/crt0.o /usr/lib/gcc/x86_64-pc-cygwin/4.9.3/crtbegin.o -L/usr/lib/gcc/x86_64-pc-cygwin/4.9.3 -L/usr/lib/gcc/x86_64-pc-cygwin/4.9.3/../../../../x86_64-pc-cygwin/lib/../lib -L/usr/lib/gcc/x86_64-pc-cygwin/4.9.3/../../../../lib -L/lib/../lib -L/usr/lib/../lib -L/usr/lib/gcc/x86_64-pc-cygwin/4.9.3/../../../../x86_64-pc-cygwin/lib -L/usr/lib/gcc/x86_64-pc-cygwin/4.9.3/../../.. --enable-auto-import CMakeFiles/cmTC_e714a.dir/CMakeCXXCompilerABI.cpp.o --out-implib libcmTC_e714a.dll.a --major-image-version 0 --minor-image-version 0 -lstdc++ -lgcc_s -lgcc -lcygwin -ladvapi32 -lshell32 -luser32 -lkernel32 -lgcc_s -lgcc /usr/lib/gcc/x86_64-pc-cygwin/4.9.3/../../../../lib/default-manifest.o /usr/lib/gcc/x86_64-pc-cygwin/4.9.3/crtend.o
make[1]: Leaving directory '/home/Administrator/SHTTPD/build/CMakeFiles/CMakeTmp'


Parsed CXX implicit link information from above output:
  link line regex: [^( *|.*[/\])(ld\.exe|([^/\]+-)?ld|collect2)[^/\]*( |$)]
  ignore line: [Change Dir: /home/Administrator/SHTTPD/build/CMakeFiles/CMakeTmp]
  ignore line: []
  ignore line: [Run Build Command:"/usr/bin/make.exe" "cmTC_e714a/fast"]
  ignore line: [/usr/bin/make -f CMakeFiles/cmTC_e714a.dir/build.make CMakeFiles/cmTC_e714a.dir/build]
  ignore line: [make[1]: Entering directory '/home/Administrator/SHTTPD/build/CMakeFiles/CMakeTmp']
  ignore line: [Building CXX object CMakeFiles/cmTC_e714a.dir/CMakeCXXCompilerABI.cpp.o]
  ignore line: [/usr/bin/c++.exe     -o CMakeFiles/cmTC_e714a.dir/CMakeCXXCompilerABI.cpp.o -c /usr/share/cmake-3.3.2/Modules/CMakeCXXCompilerABI.cpp]
  ignore line: [Linking CXX executable cmTC_e714a.exe]
  ignore line: [/usr/bin/cmake.exe -E cmake_link_script CMakeFiles/cmTC_e714a.dir/link.txt --verbose=1]
  ignore line: [/usr/bin/c++.exe     -Wl,--enable-auto-import -v CMakeFiles/cmTC_e714a.dir/CMakeCXXCompilerABI.cpp.o  -o cmTC_e714a.exe -Wl,--out-implib,libcmTC_e714a.dll.a -Wl,--major-image-version,0,--minor-image-version,0   ]
  ignore line: [使用内建 specs。]
  ignore line: [COLLECT_GCC=/usr/bin/c++]
  ignore line: [COLLECT_LTO_WRAPPER=/usr/lib/gcc/x86_64-pc-cygwin/4.9.3/lto-wrapper.exe]
  ignore line: [目标：x86_64-pc-cygwin]
  ignore line: [配置为：/cygdrive/i/szsz/tmpp/gcc/gcc-4.9.3-1.x86_64/src/gcc-4.9.3/configure --srcdir=/cygdrive/i/szsz/tmpp/gcc/gcc-4.9.3-1.x86_64/src/gcc-4.9.3 --prefix=/usr --exec-prefix=/usr --localstatedir=/var --sysconfdir=/etc --docdir=/usr/share/doc/gcc --htmldir=/usr/share/doc/gcc/html -C --build=x86_64-pc-cygwin --host=x86_64-pc-cygwin --target=x86_64-pc-cygwin --without-libiconv-prefix --without-libintl-prefix --libexecdir=/usr/lib --enable-shared --enable-shared-libgcc --enable-static --enable-version-specific-runtime-libs --enable-bootstrap --enable-__cxa_atexit --with-dwarf2 --with-tune=generic --enable-languages=ada,c,c++,fortran,lto,objc,obj-c++ --enable-graphite --enable-threads=posix --enable-libatomic --enable-libgomp --disable-libitm --enable-libquadmath --enable-libquadmath-support --enable-libssp --enable-libada --enable-libgcj-sublibs --disable-java-awt --disable-symvers --with-ecj-jar=/usr/share/java/ecj.jar --with-gnu-ld --with-gnu-as --with-cloog-include=/usr/include/cloog-isl --without-libiconv-prefix --without-libintl-prefix --with-system-zlib --enable-linker-build-id]
  ignore line: [线程模型：posix]
  ignore line: [gcc 版本 4.9.3 (GCC) ]
  ignore line: [COMPILER_PATH=/usr/lib/gcc/x86_64-pc-cygwin/4.9.3/:/usr/lib/gcc/x86_64-pc-cygwin/4.9.3/:/usr/lib/gcc/x86_64-pc-cygwin/:/usr/lib/gcc/x86_64-pc-cygwin/4.9.3/:/usr/lib/gcc/x86_64-pc-cygwin/:/usr/lib/gcc/x86_64-pc-cygwin/4.9.3/../../../../x86_64-pc-cygwin/bin/]
  ignore line: [LIBRARY_PATH=/usr/lib/gcc/x86_64-pc-cygwin/4.9.3/:/usr/lib/gcc/x86_64-pc-cygwin/4.9.3/../../../../x86_64-pc-cygwin/lib/../lib/:/usr/lib/gcc/x86_64-pc-cygwin/4.9.3/../../../../lib/:/lib/../lib/:/usr/lib/../lib/:/usr/lib/gcc/x86_64-pc-cygwin/4.9.3/../../../../x86_64-pc-cygwin/lib/:/usr/lib/gcc/x86_64-pc-cygwin/4.9.3/../../../:/lib/:/usr/lib/]
  ignore line: [COLLECT_GCC_OPTIONS='-v' '-o' 'cmTC_e714a.exe' '-shared-libgcc' '-mtune=generic' '-march=x86-64']
  link line: [ /usr/lib/gcc/x86_64-pc-cygwin/4.9.3/collect2.exe -plugin /usr/lib/gcc/x86_64-pc-cygwin/4.9.3/cyglto_plugin.dll -plugin-opt=/usr/lib/gcc/x86_64-pc-cygwin/4.9.3/lto-wrapper.exe -plugin-opt=-fresolution=/tmp/ccMuIjnH.res -plugin-opt=-pass-through=-lgcc_s -plugin-opt=-pass-through=-lgcc -plugin-opt=-pass-through=-lcygwin -plugin-opt=-pass-through=-ladvapi32 -plugin-opt=-pass-through=-lshell32 -plugin-opt=-pass-through=-luser32 -plugin-opt=-pass-through=-lkernel32 -plugin-opt=-pass-through=-lgcc_s -plugin-opt=-pass-through=-lgcc --build-id -m i386pep --wrap _Znwm --wrap _Znam --wrap _ZdlPv --wrap _ZdaPv --wrap _ZnwmRKSt9nothrow_t --wrap _ZnamRKSt9nothrow_t --wrap _ZdlPvRKSt9nothrow_t --wrap _ZdaPvRKSt9nothrow_t -Bdynamic --dll-search-prefix=cyg -tsaware -o cmTC_e714a.exe /usr/lib/gcc/x86_64-pc-cygwin/4.9.3/../../../../lib/crt0.o /usr/lib/gcc/x86_64-pc-cygwin/4.9.3/crtbegin.o -L/usr/lib/gcc/x86_64-pc-cygwin/4.9.3 -L/usr/lib/gcc/x86_64-pc-cygwin/4.9.3/../../../../x86_64-pc-cygwin/lib/../lib -L/usr/lib/gcc/x86_64-pc-cygwin/4.9.3/../../../../lib -L/lib/../lib -L/usr/lib/../lib -L/usr/lib/gcc/x86_64-pc-cygwin/4.9.3/../../../../x86_64-pc-cygwin/lib -L/usr/lib/gcc/x86_64-pc-cygwin/4.9.3/../../.. --enable-auto-import CMakeFiles/cmTC_e714a.dir/CMakeCXXCompilerABI.cpp.o --out-implib libcmTC_e714a.dll.a --major-image-version 0 --minor-image-version 0 -lstdc++ -lgcc_s -lgcc -lcygwin -ladvapi32 -lshell32 -luser32 -lkernel32 -lgcc_s -lgcc /usr/lib/gcc/x86_64-pc-cygwin/4.9.3/../../../../lib/default-manifest.o /usr/lib/gcc/x86_64-pc-cygwin/4.9.3/crtend.o]
    arg [/usr/lib/gcc/x86_64-pc-cygwin/4.9.3/collect2.exe] ==> ignore
    arg [-plugin] ==> ignore
    arg [/usr/lib/gcc/x86_64-pc-cygwin/4.9.3/cyglto_plugin.dll] ==> ignore
    arg [-plugin-opt=/usr/lib/gcc/x86_64-pc-cygwin/4.9.3/lto-wrapper.exe] ==> ignore
    arg [-plugin-opt=-fresolution=/tmp/ccMuIjnH.res] ==> ignore
    arg [-plugin-opt=-pass-through=-lgcc_s] ==> ignore
    arg [-plugin-opt=-pass-through=-lgcc] ==> ignore
    arg [-plugin-opt=-pass-through=-lcygwin] ==> ignore
    arg [-plugin-opt=-pass-through=-ladvapi32] ==> ignore
    arg [-plugin-opt=-pass-through=-lshell32] ==> ignore
    arg [-plugin-opt=-pass-through=-luser32] ==> ignore
    arg [-plugin-opt=-pass-through=-lkernel32] ==> ignore
    arg [-plugin-opt=-pass-through=-lgcc_s] ==> ignore
    arg [-plugin-opt=-pass-through=-lgcc] ==> ignore
    arg [--build-id] ==> ignore
    arg [-m] ==> ignore
    arg [i386pep] ==> ignore
    arg [--wrap] ==> ignore
    arg [_Znwm] ==> ignore
    arg [--wrap] ==> ignore
    arg [_Znam] ==> ignore
    arg [--wrap] ==> ignore
    arg [_ZdlPv] ==> ignore
    arg [--wrap] ==> ignore
    arg [_ZdaPv] ==> ignore
    arg [--wrap] ==> ignore
    arg [_ZnwmRKSt9nothrow_t] ==> ignore
    arg [--wrap] ==> ignore
    arg [_ZnamRKSt9nothrow_t] ==> ignore
    arg [--wrap] ==> ignore
    arg [_ZdlPvRKSt9nothrow_t] ==> ignore
    arg [--wrap] ==> ignore
    arg [_ZdaPvRKSt9nothrow_t] ==> ignore
    arg [-Bdynamic] ==> ignore
    arg [--dll-search-prefix=cyg] ==> ignore
    arg [-tsaware] ==> ignore
    arg [-o] ==> ignore
    arg [cmTC_e714a.exe] ==> ignore
    arg [/usr/lib/gcc/x86_64-pc-cygwin/4.9.3/../../../../lib/crt0.o] ==> ignore
    arg [/usr/lib/gcc/x86_64-pc-cygwin/4.9.3/crtbegin.o] ==> ignore
    arg [-L/usr/lib/gcc/x86_64-pc-cygwin/4.9.3] ==> dir [/usr/lib/gcc/x86_64-pc-cygwin/4.9.3]
    arg [-L/usr/lib/gcc/x86_64-pc-cygwin/4.9.3/../../../../x86_64-pc-cygwin/lib/../lib] ==> dir [/usr/lib/gcc/x86_64-pc-cygwin/4.9.3/../../../../x86_64-pc-cygwin/lib/../lib]
    arg [-L/usr/lib/gcc/x86_64-pc-cygwin/4.9.3/../../../../lib] ==> dir [/usr/lib/gcc/x86_64-pc-cygwin/4.9.3/../../../../lib]
    arg [-L/lib/../lib] ==> dir [/lib/../lib]
    arg [-L/usr/lib/../lib] ==> dir [/usr/lib/../lib]
    arg [-L/usr/lib/gcc/x86_64-pc-cygwin/4.9.3/../../../../x86_64-pc-cygwin/lib] ==> dir [/usr/lib/gcc/x86_64-pc-cygwin/4.9.3/../../../../x86_64-pc-cygwin/lib]
    arg [-L/usr/lib/gcc/x86_64-pc-cygwin/4.9.3/../../..] ==> dir [/usr/lib/gcc/x86_64-pc-cygwin/4.9.3/../../..]
    arg [--enable-auto-import] ==> ignore
    arg [CMakeFiles/cmTC_e714a.dir/CMakeCXXCompilerABI.cpp.o] ==> ignore
    arg [--out-implib] ==> ignore
    arg [libcmTC_e714a.dll.a] ==> ignore
    arg [--major-image-version] ==> ignore
    arg [0] ==> ignore
    arg [--minor-image-version] ==> ignore
    arg [0] ==> ignore
    arg [-lstdc++] ==> lib [stdc++]
    arg [-lgcc_s] ==> lib [gcc_s]
    arg [-lgcc] ==> lib [gcc]
    arg [-lcygwin] ==> lib [cygwin]
    arg [-ladvapi32] ==> lib [advapi32]
    arg [-lshell32] ==> lib [shell32]
    arg [-luser32] ==> lib [user32]
    arg [-lkernel32] ==> lib [kernel32]
    arg [-lgcc_s] ==> lib [gcc_s]
    arg [-lgcc] ==> lib [gcc]
    arg [/usr/lib/gcc/x86_64-pc-cygwin/4.9.3/../../../../lib/default-manifest.o] ==> ignore
    arg [/usr/lib/gcc/x86_64-pc-cygwin/4.9.3/crtend.o] ==> ignore
  remove lib [gcc_s]
  remove lib [gcc]
  remove lib [gcc_s]
  remove lib [gcc]
  collapse library dir [/usr/lib/gcc/x86_64-pc-cygwin/4.9.3] ==> [/usr/lib/gcc/x86_64-pc-cygwin/4.9.3]
  collapse library dir [/usr/lib/gcc/x86_64-pc-cygwin/4.9.3/../../../../x86_64-pc-cygwin/lib/../lib] ==> [/usr/x86_64-pc-cygwin/lib]
  collapse library dir [/usr/lib/gcc/x86_64-pc-cygwin/4.9.3/../../../../lib] ==> [/usr/lib]
  collapse library dir [/lib/../lib] ==> [/lib]
  collapse library dir [/usr/lib/../lib] ==> [/usr/lib]
  collapse library dir [/usr/lib/gcc/x86_64-pc-cygwin/4.9.3/../../../../x86_64-pc-cygwin/lib] ==> [/usr/x86_64-pc-cygwin/lib]
  collapse library dir [/usr/lib/gcc/x86_64-pc-cygwin/4.9.3/../../..] ==> [/usr/lib]
  implicit libs: [stdc++;cygwin;advapi32;shell32;user32;kernel32]
  implicit dirs: [/usr/lib/gcc/x86_64-pc-cygwin/4.9.3;/usr/x86_64-pc-cygwin/lib;/usr/lib;/lib]
  implicit fwks: []




Detecting CXX [-std=c++14] compiler features compiled with the following output:
Change Dir: /home/Administrator/SHTTPD/build/CMakeFiles/CMakeTmp

Run Build Command:"/usr/bin/make.exe" "cmTC_be6e5/fast"
/usr/bin/make -f CMakeFiles/cmTC_be6e5.dir/build.make CMakeFiles/cmTC_be6e5.dir/build
make[1]: Entering directory '/home/Administrator/SHTTPD/build/CMakeFiles/CMakeTmp'
Building CXX object CMakeFiles/cmTC_be6e5.dir/feature_tests.cxx.o
/usr/bin/c++.exe    -std=c++14 -o CMakeFiles/cmTC_be6e5.dir/feature_tests.cxx.o -c /home/Administrator/SHTTPD/build/CMakeFiles/feature_tests.cxx
Linking CXX executable cmTC_be6e5.exe
/usr/bin/cmake.exe -E cmake_link_script CMakeFiles/cmTC_be6e5.dir/link.txt --verbose=1
/usr/bin/c++.exe     -Wl,--enable-auto-import  CMakeFiles/cmTC_be6e5.dir/feature_tests.cxx.o  -o cmTC_be6e5.exe -Wl,--out-implib,libcmTC_be6e5.dll.a -Wl,--major-image-version,0,--minor-image-version,0  
make[1]: Leaving directory '/home/Administrator/SHTTPD/build/CMakeFiles/CMakeTmp'


    Feature record: CXX_FEATURE:0cxx_aggregate_default_initializers
    Feature record: CXX_FEATURE:1cxx_alias_templates
    Feature record: CXX_FEATURE:1cxx_alignas
    Feature record: CXX_FEATURE:1cxx_alignof
    Feature record: CXX_FEATURE:1cxx_attributes
    Feature record: CXX_FEATURE:1cxx_attribute_deprecated
    Feature record: CXX_FEATURE:1cxx_auto_type
    Feature record: CXX_FEATURE:1cxx_binary_literals
    Feature record: CXX_FEATURE:1cxx_constexpr
    Feature record: CXX_FEATURE:1cxx_contextual_conversions
    Feature record: CXX_FEATURE:1cxx_decltype
    Feature record: CXX_FEATURE:1cxx_decltype_auto
    Feature record: CXX_FEATURE:1cxx_decltype_incomplete_return_types
    Feature record: CXX_FEATURE:1cxx_default_function_template_args
    Feature record: CXX_FEATURE:1cxx_defaulted_functions
    Feature record: CXX_FEATURE:1cxx_defaulted_move_initializers
    Feature record: CXX_FEATURE:1cxx_delegating_constructors
    Feature record: CXX_FEATURE:1cxx_deleted_functions
    Feature record: CXX_FEATURE:1cxx_digit_separators
    Feature record: CXX_FEATURE:1cxx_enum_forward_declarations
    Feature record: CXX_FEATURE:1cxx_explicit_conversions
    Feature record: CXX_FEATURE:1cxx_extended_friend_declarations
    Feature record: CXX_FEATURE:1cxx_extern_templates
    Feature record: CXX_FEATURE:1cxx_final
    Feature record: CXX_FEATURE:1cxx_func_identifier
    Feature record: CXX_FEATURE:1cxx_generalized_initializers
    Feature record: CXX_FEATURE:1cxx_generic_lambdas
    Feature record: CXX_FEATURE:1cxx_inheriting_constructors
    Feature record: CXX_FEATURE:1cxx_inline_namespaces
    Feature record: CXX_FEATURE:1cxx_lambdas
    Feature record: CXX_FEATURE:1cxx_lambda_init_captures
    Feature record: CXX_FEATURE:1cxx_local_type_template_args
    Feature record: CXX_FEATURE:1cxx_long_long_type
    Feature record: CXX_FEATURE:1cxx_noexcept
    Feature record: CXX_FEATURE:1cxx_nonstatic_member_init
    Feature record: CXX_FEATURE:1cxx_nullptr
    Feature record: CXX_FEATURE:1cxx_override
    Feature record: CXX_FEATURE:1cxx_range_for
    Feature record: CXX_FEATURE:1cxx_raw_string_literals
    Feature record: CXX_FEATURE:1cxx_reference_qualified_functions
    Feature record: CXX_FEATURE:0cxx_relaxed_constexpr
    Feature record: CXX_FEATURE:1cxx_return_type_deduction
    Feature record: CXX_FEATURE:1cxx_right_angle_brackets
    Feature record: CXX_FEATURE:1cxx_rvalue_references
    Feature record: CXX_FEATURE:1cxx_sizeof_member
    Feature record: CXX_FEATURE:1cxx_static_assert
    Feature record: CXX_FEATURE:1cxx_strong_enums
    Feature record: CXX_FEATURE:1cxx_template_template_parameters
    Feature record: CXX_FEATURE:1cxx_thread_local
    Feature record: CXX_FEATURE:1cxx_trailing_return_types
    Feature record: CXX_FEATURE:1cxx_unicode_literals
    Feature record: CXX_FEATURE:1cxx_uniform_initialization
    Feature record: CXX_FEATURE:1cxx_unrestricted_unions
    Feature record: CXX_FEATURE:1cxx_user_literals
    Feature record: CXX_FEATURE:0cxx_variable_templates
    Feature record: CXX_FEATURE:1cxx_variadic_macros
    Feature record: CXX_FEATURE:1cxx_variadic_templates


Detecting CXX [-std=c++11] compiler features compiled with the following output:
Change Dir: /home/Administrator/SHTTPD/build/CMakeFiles/CMakeTmp

Run Build Command:"/usr/bin/make.exe" "cmTC_ebde0/fast"
/usr/bin/make -f CMakeFiles/cmTC_ebde0.dir/build.make CMakeFiles/cmTC_ebde0.dir/build
make[1]: Entering directory '/home/Administrator/SHTTPD/build/CMakeFiles/CMakeTmp'
Building CXX object CMakeFiles/cmTC_ebde0.dir/feature_tests.cxx.o
/usr/bin/c++.exe    -std=c++11 -o CMakeFiles/cmTC_ebde0.dir/feature_tests.cxx.o -c /home/Administrator/SHTTPD/build/CMakeFiles/feature_tests.cxx
Linking CXX executable cmTC_ebde0.exe
/usr/bin/cmake.exe -E cmake_link_script CMakeFiles/cmTC_ebde0.dir/link.txt --verbose=1
/usr/bin/c++.exe     -Wl,--enable-auto-import  CMakeFiles/cmTC_ebde0.dir/feature_tests.cxx.o  -o cmTC_ebde0.exe -Wl,--out-implib,libcmTC_ebde0.dll.a -Wl,--major-image-version,0,--minor-image-version,0  
make[1]: Leaving directory '/home/Administrator/SHTTPD/build/CMakeFiles/CMakeTmp'


    Feature record: CXX_FEATURE:0cxx_aggregate_default_initializers
    Feature record: CXX_FEATURE:1cxx_alias_templates
    Feature record: CXX_FEATURE:1cxx_alignas
    Feature record: CXX_FEATURE:1cxx_alignof
    Feature record: CXX_FEATURE:1cxx_attributes
    Feature record: CXX_FEATURE:0cxx_attribute_deprecated
    Feature record: CXX_FEATURE:1cxx_auto_type
    Feature record: CXX_FEATURE:0cxx_binary_literals
    Feature record: CXX_FEATURE:1cxx_constexpr
    Feature record: CXX_FEATURE:0cxx_contextual_conversions
    Feature record: CXX_FEATURE:1cxx_decltype
    Feature record: CXX_FEATURE:0cxx_decltype_auto
    Feature record: CXX_FEATURE:1cxx_decltype_incomplete_return_types
    Feature record: CXX_FEATURE:1cxx_default_function_template_args
    Feature record: CXX_FEATURE:1cxx_defaulted_functions
    Feature record: CXX_FEATURE:1cxx_defaulted_move_initializers
    Feature record: CXX_FEATURE:1cxx_delegating_constructors
    Feature record: CXX_FEATURE:1cxx_deleted_functions
    Feature record: CXX_FEATURE:0cxx_digit_separators
    Feature record: CXX_FEATURE:1cxx_enum_forward_declarations
    Feature record: CXX_FEATURE:1cxx_explicit_conversions
    Feature record: CXX_FEATURE:1cxx_extended_friend_declarations
    Feature record: CXX_FEATURE:1cxx_extern_templates
    Feature record: CXX_FEATURE:1cxx_final
    Feature record: CXX_FEATURE:1cxx_func_identifier
    Feature record: CXX_FEATURE:1cxx_generalized_initializers
    Feature record: CXX_FEATURE:0cxx_generic_lambdas
    Feature record: CXX_FEATURE:1cxx_inheriting_constructors
    Feature record: CXX_FEATURE:1cxx_inline_namespaces
    Feature record: CXX_FEATURE:1cxx_lambdas
    Feature record: CXX_FEATURE:0cxx_lambda_init_captures
    Feature record: CXX_FEATURE:1cxx_local_type_template_args
    Feature record: CXX_FEATURE:1cxx_long_long_type
    Feature record: CXX_FEATURE:1cxx_noexcept
    Feature record: CXX_FEATURE:1cxx_nonstatic_member_init
    Feature record: CXX_FEATURE:1cxx_nullptr
    Feature record: CXX_FEATURE:1cxx_override
    Feature record: CXX_FEATURE:1cxx_range_for
    Feature record: CXX_FEATURE:1cxx_raw_string_literals
    Feature record: CXX_FEATURE:1cxx_reference_qualified_functions
    Feature record: CXX_FEATURE:0cxx_relaxed_constexpr
    Feature record: CXX_FEATURE:0cxx_return_type_deduction
    Feature record: CXX_FEATURE:1cxx_right_angle_brackets
    Feature record: CXX_FEATURE:1cxx_rvalue_references
    Feature record: CXX_FEATURE:1cxx_sizeof_member
    Feature record: CXX_FEATURE:1cxx_static_assert
    Feature record: CXX_FEATURE:1cxx_strong_enums
    Feature record: CXX_FEATURE:1cxx_template_template_parameters
    Feature record: CXX_FEATURE:1cxx_thread_local
    Feature record: CXX_FEATURE:1cxx_trailing_return_types
    Feature record: CXX_FEATURE:1cxx_unicode_literals
    Feature record: CXX_FEATURE:1cxx_uniform_initialization
    Feature record: CXX_FEATURE:1cxx_unrestricted_unions
    Feature record: CXX_FEATURE:1cxx_user_literals
    Feature record: CXX_FEATURE:0cxx_variable_templates
    Feature record: CXX_FEATURE:1cxx_variadic_macros
    Feature record: CXX_FEATURE:1cxx_variadic_templates


Detecting CXX [-std=c++98] compiler features compiled with the following output:
Change Dir: /home/Administrator/SHTTPD/build/CMakeFiles/CMakeTmp

Run Build Command:"/usr/bin/make.exe" "cmTC_db808/fast"
/usr/bin/make -f CMakeFiles/cmTC_db808.dir/build.make CMakeFiles/cmTC_db808.dir/build
make[1]: Entering directory '/home/Administrator/SHTTPD/build/CMakeFiles/CMakeTmp'
Building CXX object CMakeFiles/cmTC_db808.dir/feature_tests.cxx.o
/usr/bin/c++.exe    -std=c++98 -o CMakeFiles/cmTC_db808.dir/feature_tests.cxx.o -c /home/Administrator/SHTTPD/build/CMakeFiles/feature_tests.cxx
Linking CXX executable cmTC_db808.exe
/usr/bin/cmake.exe -E cmake_link_script CMakeFiles/cmTC_db808.dir/link.txt --verbose=1
/usr/bin/c++.exe     -Wl,--enable-auto-import  CMakeFiles/cmTC_db808.dir/feature_tests.cxx.o  -o cmTC_db808.exe -Wl,--out-implib,libcmTC_db808.dll.a -Wl,--major-image-version,0,--minor-image-version,0  
make[1]: Leaving directory '/home/Administrator/SHTTPD/build/CMakeFiles/CMakeTmp'


    Feature record: CXX_FEATURE:0cxx_aggregate_default_initializers
    Feature record: CXX_FEATURE:0cxx_alias_templates
    Feature record: CXX_FEATURE:0cxx_alignas
    Feature record: CXX_FEATURE:0cxx_alignof
    Feature record: CXX_FEATURE:0cxx_attributes
    Feature record: CXX_FEATURE:0cxx_attribute_deprecated
    Feature record: CXX_FEATURE:0cxx_auto_type
    Feature record: CXX_FEATURE:0cxx_binary_literals
    Feature record: CXX_FEATURE:0cxx_constexpr
    Feature record: CXX_FEATURE:0cxx_contextual_conversions
    Feature record: CXX_FEATURE:0cxx_decltype
    Feature record: CXX_FEATURE:0cxx_decltype_auto
    Feature record: CXX_FEATURE:0cxx_decltype_incomplete_return_types
    Feature record: CXX_FEATURE:0cxx_default_function_template_args
    Feature record: CXX_FEATURE:0cxx_defaulted_functions
    Feature record: CXX_FEATURE:0cxx_defaulted_move_initializers
    Feature record: CXX_FEATURE:0cxx_delegating_constructors
    Feature record: CXX_FEATURE:0cxx_deleted_functions
    Feature record: CXX_FEATURE:0cxx_digit_separators
    Feature record: CXX_FEATURE:0cxx_enum_forward_declarations
    Feature record: CXX_FEATURE:0cxx_explicit_conversions
    Feature record: CXX_FEATURE:0cxx_extended_friend_declarations
    Feature record: CXX_FEATURE:0cxx_extern_templates
    Feature record: CXX_FEATURE:0cxx_final
    Feature record: CXX_FEATURE:0cxx_func_identifier
    Feature record: CXX_FEATURE:0cxx_generalized_initializers
    Feature record: CXX_FEATURE:0cxx_generic_lambdas
    Feature record: CXX_FEATURE:0cxx_inheriting_constructors
    Feature record: CXX_FEATURE:0cxx_inline_namespaces
    Feature record: CXX_FEATURE:0cxx_lambdas
    Feature record: CXX_FEATURE:0cxx_lambda_init_captures
    Feature record: CXX_FEATURE:0cxx_local_type_template_args
    Feature record: CXX_FEATURE:0cxx_long_long_type
    Feature record: CXX_FEATURE:0cxx_noexcept
    Feature record: CXX_FEATURE:0cxx_nonstatic_member_init
    Feature record: CXX_FEATURE:0cxx_nullptr
    Feature record: CXX_FEATURE:0cxx_override
    Feature record: CXX_FEATURE:0cxx_range_for
    Feature record: CXX_FEATURE:0cxx_raw_string_literals
    Feature record: CXX_FEATURE:0cxx_reference_qualified_functions
    Feature record: CXX_FEATURE:0cxx_relaxed_constexpr
    Feature record: CXX_FEATURE:0cxx_return_type_deduction
    Feature record: CXX_FEATURE:0cxx_right_angle_brackets
    Feature record: CXX_FEATURE:0cxx_rvalue_references
    Feature record: CXX_FEATURE:0cxx_sizeof_member
    Feature record: CXX_FEATURE:0cxx_static_assert
    Feature record: CXX_FEATURE:0cxx_strong_enums
    Feature record: CXX_FEATURE:1cxx_template_template_parameters
    Feature record: CXX_FEATURE:0cxx_thread_local
    Feature record: CXX_FEATURE:0cxx_trailing_return_types
    Feature record: CXX_FEATURE:0cxx_unicode_literals
    Feature record: CXX_FEATURE:0cxx_uniform_initialization
    Feature record: CXX_FEATURE:0cxx_unrestricted_unions
    Feature record: CXX_FEATURE:0cxx_user_literals
    Feature record: CXX_FEATURE:0cxx_variable_templates
    Feature record: CXX_FEATURE:0cxx_variadic_macros
    Feature record: CXX_FEATURE:0cxx_variadic_templates
